<?xml version="1.0" encoding="UTF-8"?>
<testsuite xmlns:xsi="http://www.w3.org/2001/XMLSchema-instance" xsi:noNamespaceSchemaLocation="https://maven.apache.org/surefire/maven-surefire-plugin/xsd/surefire-test-report.xsd" version="3.0.2" name="com.example.ExercicioRevisao.ExercicioRevisaoApplicationTests" time="17.976" tests="1" errors="0" skipped="0" failures="0">
  <properties>
[...]
</properties>
  <testcase name="contextLoads" classname="com.example.ExercicioRevisao.ExercicioRevisaoApplicationTests" time="0.535">
    <system-out><![CDATA[11:22:53.879 [main] INFO org.springframework.test.context.support.AnnotationConfigContextLoaderUtils -- Could not detect default configuration classes for test class [com.example.ExercicioRevisao.ExercicioRevisaoApplicationTests]: ExercicioRevisaoApplicationTests does not declare any static, non-private, non-final, nested classes annotated with @Configuration.
11:22:54.134 [main] INFO org.springframework.boot.test.context.SpringBootTestContextBootstrapper -- Found @SpringBootConfiguration com.example.ExercicioRevisao.ExercicioRevisaoApplication for test class com.example.ExercicioRevisao.ExercicioRevisaoApplicationTests
11:22:54.530 [main] INFO org.springframework.boot.devtools.restart.RestartApplicationListener -- Restart disabled due to context in which it is running

  .   ____          _            __ _ _
 /\\ / ___'_ __ _ _(_)_ __  __ _ \ \ \ \
( ( )\___ | '_ | '_| | '_ \/ _` | \ \ \ \
 \\/  ___)| |_)| | | | | || (_| |  ) ) ) )
  '  |____| .__|_| |_|_| |_\__, | / / / /
 =========|_|==============|___/=/_/_/_/

 :: Spring Boot ::                (v3.5.4)

2025-08-11T11:22:55.206-03:00  INFO 1620 --- [ExercicioRevisao] [           main] c.e.E.ExercicioRevisaoApplicationTests   : Starting ExercicioRevisaoApplicationTests using Java 21.0.2 with PID 1620 (started by lucas in C:\programasJava\2 semestre\ExercicioRevisao)
2025-08-11T11:22:55.210-03:00  INFO 1620 --- [ExercicioRevisao] [           main] c.e.E.ExercicioRevisaoApplicationTests   : No active profile set, falling back to 1 default profile: "default"
2025-08-11T11:22:56.949-03:00  INFO 1620 --- [ExercicioRevisao] [           main] .s.d.r.c.RepositoryConfigurationDelegate : Bootstrapping Spring Data JPA repositories in DEFAULT mode.
2025-08-11T11:22:57.054-03:00  INFO 1620 --- [ExercicioRevisao] [           main] .s.d.r.c.RepositoryConfigurationDelegate : Finished Spring Data repository scanning in 87 ms. Found 1 JPA repository interface.
2025-08-11T11:22:59.348-03:00  INFO 1620 --- [ExercicioRevisao] [           main] o.hibernate.jpa.internal.util.LogHelper  : HHH000204: Processing PersistenceUnitInfo [name: default]
2025-08-11T11:22:59.587-03:00  INFO 1620 --- [ExercicioRevisao] [           main] org.hibernate.Version                    : HHH000412: Hibernate ORM core version 6.6.22.Final
2025-08-11T11:22:59.619-03:00  INFO 1620 --- [ExercicioRevisao] [           main] o.h.c.internal.RegionFactoryInitiator    : HHH000026: Second-level cache disabled
2025-08-11T11:23:00.071-03:00  INFO 1620 --- [ExercicioRevisao] [           main] o.s.o.j.p.SpringPersistenceUnitInfo      : No LoadTimeWeaver setup: ignoring JPA class transformer
2025-08-11T11:23:00.111-03:00  INFO 1620 --- [ExercicioRevisao] [           main] com.zaxxer.hikari.HikariDataSource       : HikariPool-1 - Starting...
2025-08-11T11:23:00.827-03:00  INFO 1620 --- [ExercicioRevisao] [           main] com.zaxxer.hikari.pool.HikariPool        : HikariPool-1 - Added connection oracle.jdbc.driver.T4CConnection@105dc04d
2025-08-11T11:23:00.828-03:00  INFO 1620 --- [ExercicioRevisao] [           main] com.zaxxer.hikari.HikariDataSource       : HikariPool-1 - Start completed.
2025-08-11T11:23:01.248-03:00  INFO 1620 --- [ExercicioRevisao] [           main] org.hibernate.orm.connections.pooling    : HHH10001005: Database info:
	Database JDBC URL [Connecting through datasource 'HikariDataSource (HikariPool-1)']
	Database driver: undefined/unknown
	Database version: 19.3
	Autocommit mode: undefined/unknown
	Isolation level: undefined/unknown
	Minimum pool size: undefined/unknown
	Maximum pool size: undefined/unknown
2025-08-11T11:23:02.463-03:00  INFO 1620 --- [ExercicioRevisao] [           main] o.h.e.t.j.p.i.JtaPlatformInitiator       : HHH000489: No JTA platform available (set 'hibernate.transaction.jta.platform' to enable JTA platform integration)
2025-08-11T11:23:07.936-03:00  INFO 1620 --- [ExercicioRevisao] [           main] j.LocalContainerEntityManagerFactoryBean : Initialized JPA EntityManagerFactory for persistence unit 'default'
2025-08-11T11:23:10.356-03:00  WARN 1620 --- [ExercicioRevisao] [           main] JpaBaseConfiguration$JpaWebConfiguration : spring.jpa.open-in-view is enabled by default. Therefore, database queries may be performed during view rendering. Explicitly configure spring.jpa.open-in-view to disable this warning
2025-08-11T11:23:11.018-03:00  INFO 1620 --- [ExercicioRevisao] [           main] c.e.E.ExercicioRevisaoApplicationTests   : Started ExercicioRevisaoApplicationTests in 16.524 seconds (process running for 18.464)
]]></system-out>
    <system-err><![CDATA[Mockito is currently self-attaching to enable the inline-mock-maker. This will no longer work in future releases of the JDK. Please add Mockito as an agent to your build as described in Mockito's documentation: https://javadoc.io/doc/org.mockito/mockito-core/latest/org.mockito/org/mockito/Mockito.html#0.3
WARNING: A Java agent has been loaded dynamically (C:\Users\lucas\.m2\repository\net\bytebuddy\byte-buddy-agent\1.17.6\byte-buddy-agent-1.17.6.jar)
WARNING: If a serviceability tool is in use, please run with -XX:+EnableDynamicAgentLoading to hide this warning
WARNING: If a serviceability tool is not in use, please run with -Djdk.instrument.traceUsage for more information
WARNING: Dynamic loading of agents will be disallowed by default in a future release
]]></system-err>
  </testcase>
</testsuite>